aeFunExamples/build/outputs/apk/manifest-merger-debug-report.txt
-- Merging decision tree log ---
manifest
ADDED from AndroidManifest.xml:2:1
	xmlns:android
		ADDED from AndroidManifest.xml:2:11
	package
		ADDED from AndroidManifest.xml:3:5
		INJECTED from AndroidManifest.xml:0:0
		INJECTED from AndroidManifest.xml:0:0
	android:versionName
		INJECTED from AndroidManifest.xml:0:0
		INJECTED from AndroidManifest.xml:0:0
	android:versionCode
		INJECTED from AndroidManifest.xml:0:0
		INJECTED from AndroidManifest.xml:0:0
application
ADDED from AndroidManifest.xml:5:5
MERGED from com.android.support:appcompat-v7:21.0.3:16:5
MERGED from com.android.support:support-v4:21.0.3:16:5
MERGED from Abc.aeFun:aeFunInterfaces:unspecified:11:5
MERGED from Abc:AndEngine:unspecified:11:5
MERGED from Abc:andEngineSVGTextureRegionExtension:unspecified:11:5
MERGED from Abc:AndEngine:unspecified:11:5
MERGED from Abc.aeFun:aeFunResourceManagement:unspecified:11:5
MERGED from Abc:AndEngine:unspecified:11:5
MERGED from Abc.aeFun:aeFunInterfaces:unspecified:11:5
MERGED from Abc:AndEngine:unspecified:11:5
MERGED from Abc:andEngineSVGTextureRegionExtension:unspecified:11:5
MERGED from Abc:AndEngine:unspecified:11:5
MERGED from Abc.aeFun:aeFunWidgetLayout:unspecified:16:5
MERGED from Abc.aeFun:aeFunInterfaces:unspecified:11:5
MERGED from Abc:AndEngine:unspecified:11:5
MERGED from Abc:andEngineSVGTextureRegionExtension:unspecified:11:5
MERGED from Abc:AndEngine:unspecified:11:5
MERGED from Abc.aeFun:aeFunGeometry:unspecified:16:5
MERGED from Abc.aeFun:aeFunInterfaces:unspecified:11:5
MERGED from Abc:AndEngine:unspecified:11:5
MERGED from Abc:andEngineSVGTextureRegionExtension:unspecified:11:5
MERGED from Abc:AndEngine:unspecified:11:5
MERGED from Abc.aeFun:aeFunResourceManagement:unspecified:11:5
MERGED from Abc:AndEngine:unspecified:11:5
MERGED from Abc.aeFun:aeFunInterfaces:unspecified:11:5
MERGED from Abc:AndEngine:unspecified:11:5
MERGED from Abc:andEngineSVGTextureRegionExtension:unspecified:11:5
MERGED from Abc:AndEngine:unspecified:11:5
MERGED from Abc.aeFun:aeFunWidgetToolKit:unspecified:11:5
MERGED from Abc:AndEngine:unspecified:11:5
MERGED from Abc.aeFun:aeFunInterfaces:unspecified:11:5
MERGED from Abc:AndEngine:unspecified:11:5
MERGED from Abc:andEngineSVGTextureRegionExtension:unspecified:11:5
MERGED from Abc:AndEngine:unspecified:11:5
MERGED from Abc.aeFun:aeFunResourceManagement:unspecified:11:5
MERGED from Abc:AndEngine:unspecified:11:5
MERGED from Abc.aeFun:aeFunInterfaces:unspecified:11:5
MERGED from Abc:AndEngine:unspecified:11:5
MERGED from Abc:andEngineSVGTextureRegionExtension:unspecified:11:5
MERGED from Abc:AndEngine:unspecified:11:5
MERGED from Abc.aeFun:aeFunSceneManagement:unspecified:11:5
MERGED from Abc:AndEngine:unspecified:11:5
MERGED from Abc.aeFun:aeFunInterfaces:unspecified:11:5
MERGED from Abc:AndEngine:unspecified:11:5
MERGED from Abc:andEngineSVGTextureRegionExtension:unspecified:11:5
MERGED from Abc:AndEngine:unspecified:11:5
MERGED from Abc.aeFun:aeFunWidgetToolKit:unspecified:11:5
MERGED from Abc:AndEngine:unspecified:11:5
MERGED from Abc.aeFun:aeFunInterfaces:unspecified:11:5
MERGED from Abc:AndEngine:unspecified:11:5
MERGED from Abc:andEngineSVGTextureRegionExtension:unspecified:11:5
MERGED from Abc:AndEngine:unspecified:11:5
MERGED from Abc.aeFun:aeFunResourceManagement:unspecified:11:5
MERGED from Abc:AndEngine:unspecified:11:5
MERGED from Abc.aeFun:aeFunInterfaces:unspecified:11:5
MERGED from Abc:AndEngine:unspecified:11:5
MERGED from Abc:andEngineSVGTextureRegionExtension:unspecified:11:5
MERGED from Abc:AndEngine:unspecified:11:5
MERGED from Abc.aeFun:aeFunResourceManagement:unspecified:11:5
MERGED from Abc:AndEngine:unspecified:11:5
MERGED from Abc.aeFun:aeFunInterfaces:unspecified:11:5
MERGED from Abc:AndEngine:unspecified:11:5
MERGED from Abc:andEngineSVGTextureRegionExtension:unspecified:11:5
MERGED from Abc:AndEngine:unspecified:11:5
	android:debuggable
		ADDED from Abc:AndEngine:unspecified:11:18
	android:label
		ADDED from AndroidManifest.xml:8:9
	android:allowBackup
		ADDED from AndroidManifest.xml:6:9
	android:icon
		ADDED from AndroidManifest.xml:7:9
	android:theme
		ADDED from AndroidManifest.xml:9:9
activity#com.bitarcher.aeFun.examples.MainActivity
ADDED from AndroidManifest.xml:10:9
	android:label
		ADDED from AndroidManifest.xml:12:13
	android:name
		ADDED from AndroidManifest.xml:11:13
intent-filter#android.intent.action.MAIN+android.intent.category.LAUNCHER
ADDED from AndroidManifest.xml:13:13
action#android.intent.action.MAIN
ADDED from AndroidManifest.xml:14:17
	android:name
		ADDED from AndroidManifest.xml:14:25
category#android.intent.category.LAUNCHER
ADDED from AndroidManifest.xml:16:17
	android:name
		ADDED from AndroidManifest.xml:16:27
uses-sdk
INJECTED from AndroidManifest.xml:0:0 reason: use-sdk injection requested
MERGED from com.android.support:appcompat-v7:21.0.3:15:5
MERGED from com.android.support:support-v4:21.0.3:15:5
MERGED from Abc.aeFun:aeFunInterfaces:unspecified:7:5
MERGED from Abc:AndEngine:unspecified:7:5
MERGED from Abc:andEngineSVGTextureRegionExtension:unspecified:7:5
MERGED from Abc:AndEngine:unspecified:7:5
MERGED from Abc.aeFun:aeFunResourceManagement:unspecified:7:5
MERGED from Abc:AndEngine:unspecified:7:5
MERGED from Abc.aeFun:aeFunInterfaces:unspecified:7:5
MERGED from Abc:AndEngine:unspecified:7:5
MERGED from Abc:andEngineSVGTextureRegionExtension:unspecified:7:5
MERGED from Abc:AndEngine:unspecified:7:5
MERGED from Abc.aeFun:aeFunWidgetLayout:unspecified:12:5
MERGED from Abc.aeFun:aeFunInterfaces:unspecified:7:5
MERGED from Abc:AndEngine:unspecified:7:5
MERGED from Abc:andEngineSVGTextureRegionExtension:unspecified:7:5
MERGED from Abc:AndEngine:unspecified:7:5
MERGED from Abc.aeFun:aeFunGeometry:unspecified:12:5
MERGED from Abc.aeFun:aeFunInterfaces:unspecified:7:5
MERGED from Abc:AndEngine:unspecified:7:5
MERGED from Abc:andEngineSVGTextureRegionExtension:unspecified:7:5
MERGED from Abc:AndEngine:unspecified:7:5
MERGED from Abc.aeFun:aeFunResourceManagement:unspecified:7:5
MERGED from Abc:AndEngine:unspecified:7:5
MERGED from Abc.aeFun:aeFunInterfaces:unspecified:7:5
MERGED from Abc:AndEngine:unspecified:7:5
MERGED from Abc:andEngineSVGTextureRegionExtension:unspecified:7:5
MERGED from Abc:AndEngine:unspecified:7:5
MERGED from Abc.aeFun:aeFunWidgetToolKit:unspecified:7:5
MERGED from Abc:AndEngine:unspecified:7:5
MERGED from Abc.aeFun:aeFunInterfaces:unspecified:7:5
MERGED from Abc:AndEngine:unspecified:7:5
MERGED from Abc:andEngineSVGTextureRegionExtension:unspecified:7:5
MERGED from Abc:AndEngine:unspecified:7:5
MERGED from Abc.aeFun:aeFunResourceManagement:unspecified:7:5
MERGED from Abc:AndEngine:unspecified:7:5
MERGED from Abc.aeFun:aeFunInterfaces:unspecified:7:5
MERGED from Abc:AndEngine:unspecified:7:5
MERGED from Abc:andEngineSVGTextureRegionExtension:unspecified:7:5
MERGED from Abc:AndEngine:unspecified:7:5
MERGED from Abc.aeFun:aeFunSceneManagement:unspecified:7:5
MERGED from Abc:AndEngine:unspecified:7:5
MERGED from Abc.aeFun:aeFunInterfaces:unspecified:7:5
MERGED from Abc:AndEngine:unspecified:7:5
MERGED from Abc:andEngineSVGTextureRegionExtension:unspecified:7:5
MERGED from Abc:AndEngine:unspecified:7:5
MERGED from Abc.aeFun:aeFunWidgetToolKit:unspecified:7:5
MERGED from Abc:AndEngine:unspecified:7:5
MERGED from Abc.aeFun:aeFunInterfaces:unspecified:7:5
MERGED from Abc:AndEngine:unspecified:7:5
MERGED from Abc:andEngineSVGTextureRegionExtension:unspecified:7:5
MERGED from Abc:AndEngine:unspecified:7:5
MERGED from Abc.aeFun:aeFunResourceManagement:unspecified:7:5
MERGED from Abc:AndEngine:unspecified:7:5
MERGED from Abc.aeFun:aeFunInterfaces:unspecified:7:5
MERGED from Abc:AndEngine:unspecified:7:5
MERGED from Abc:andEngineSVGTextureRegionExtension:unspecified:7:5
MERGED from Abc:AndEngine:unspecified:7:5
MERGED from Abc.aeFun:aeFunResourceManagement:unspecified:7:5
MERGED from Abc:AndEngine:unspecified:7:5
MERGED from Abc.aeFun:aeFunInterfaces:unspecified:7:5
MERGED from Abc:AndEngine:unspecified:7:5
MERGED from Abc:andEngineSVGTextureRegionExtension:unspecified:7:5
MERGED from Abc:AndEngine:unspecified:7:5
	android:targetSdkVersion
		INJECTED from AndroidManifest.xml:0:0
		INJECTED from AndroidManifest.xml:0:0
	android:minSdkVersion
		INJECTED from AndroidManifest.xml:0:0
		INJECTED from AndroidManifest.xml:0:0